\BOOKMARK [0][-]{chapter.1}{Introduction}{}% 1
\BOOKMARK [1][-]{section.1.1}{Objectif du projet}{chapter.1}% 2
\BOOKMARK [1][-]{section.1.2}{Sp\351cifications}{chapter.1}% 3
\BOOKMARK [1][-]{section.1.3}{Organisation du rapport}{chapter.1}% 4
\BOOKMARK [1][-]{section.1.4}{Description du syst\350me}{chapter.1}% 5
\BOOKMARK [0][-]{chapter.2}{Recherche documentaire}{}% 6
\BOOKMARK [0][-]{chapter.3}{Signal d'entr\351e et r\351glage de volume}{}% 7
\BOOKMARK [0][-]{chapter.4}{Filtres de fr\351quences}{}% 8
\BOOKMARK [1][-]{section.4.1}{Fonction}{chapter.4}% 9
\BOOKMARK [1][-]{section.4.2}{Caract\351ristiques techniques}{chapter.4}% 10
\BOOKMARK [0][-]{chapter.5}{\311lectroaimant}{}% 11
\BOOKMARK [0][-]{chapter.6}{Bobine mobile et membrane}{}% 12
\BOOKMARK [0][-]{chapter.7}{Conclusion}{}% 13
\BOOKMARK [-1][-]{chapter.7}{Annexes th\351oriques}{}% 14
\BOOKMARK [0][-]{appendix.A}{M\351thode des phaseurs}{chapter.7}% 15
\BOOKMARK [1][-]{section.A.1}{M\351thode classique: filtre passe-bas}{appendix.A}% 16
\BOOKMARK [1][-]{section.A.2}{D\351finition de l'isomorphisme}{appendix.A}% 17
\BOOKMARK [1][-]{section.A.3}{Diff\351rentiation}{appendix.A}% 18
\BOOKMARK [1][-]{section.A.4}{Moyenne d'un produit}{appendix.A}% 19
\BOOKMARK [0][-]{appendix.B}{Approximations lin\351aires}{chapter.7}% 20
\BOOKMARK [0][-]{appendix.C}{Identification lin\351aire g\351n\351ralis\351e}{chapter.7}% 21
\BOOKMARK [0][-]{appendix.D}{D\351veloppements math\351matiques}{chapter.7}% 22
\BOOKMARK [1][-]{section.D.1}{Espace vectoriel des sinuso\357des}{appendix.D}% 23
\BOOKMARK [-1][-]{section.D.1}{Annexes pratiques}{}% 24
\BOOKMARK [0][-]{appendix.E}{D\351marche de recherche documentaire}{section.D.1}% 25
\BOOKMARK [0][-]{appendix.F}{Planning de travail}{section.D.1}% 26
